[2026-04-13T11:05:48.653Z] GET https://read.readwise.io/ → 200 (101ms, 3299B)
[2026-04-13T11:05:48.757Z] GET https://read.readwise.io/pdftron-10.12.0/webviewer/webviewer-core.min.js → 200 (79ms, 2288441B)
[2026-04-13T11:05:48.757Z] GET https://read.readwise.io/assets/index.476f205d.js → 200 (163ms, 2505381B)
[2026-04-13T11:05:48.757Z] GET https://read.readwise.io/assets/index.f526aa63.css → 200 (33ms, 4601B)
[2026-04-13T11:05:48.757Z] GET https://read.readwise.io/registerSW.js → 200 (44ms, 134B)
[2026-04-13T11:05:48.994Z] POST https://o374023.ingest.sentry.io/api/5795514/envelope/?sentry_key=3c7b2ce17cea43b4bd430716e7a51757&sentry_version=7&sentry_client=sentry.javascript.react%2F7.7.0 → 200 (185ms, ?B)
[2026-04-13T11:05:49.041Z] GET https://read.readwise.io/assets/App.a8c68267.js → 200 (79ms, 1211939B)
[2026-04-13T11:05:49.041Z] GET https://read.readwise.io/assets/App.fb1f3481.css → 200 (26ms, 345039B)
[2026-04-13T11:05:49.041Z] GET https://read.readwise.io/assets/storage-worker.dc5ea80d.js → pending (?ms, ?B)
[2026-04-13T11:05:49.150Z] GET https://read.readwise.io/assets/Inter-roman.var.17fe38ab.woff2 → 200 (33ms, 227180B)
[2026-04-13T11:05:49.161Z] GET https://readwise.io/reader/api/profile_details/? → pending (?ms, ?B)
[2026-04-13T11:05:49.162Z] GET https://read.readwise.io/worker.sql-wasm.js → 200 (20ms, 54540B)
[2026-04-13T11:05:49.186Z] GET https://read.readwise.io/sql-wasm.wasm → pending (?ms, ?B)
[2026-04-13T11:05:49.306Z] GET https://read.readwise.io/worker.sql-wasm.js → 200 (1ms, 54540B)
[2026-04-13T11:05:49.313Z] GET https://read.readwise.io/sql-wasm.wasm → 200 (?ms, 764847B)
[2026-04-13T11:05:49.320Z] POST https://o374023.ingest.sentry.io/api/5795514/envelope/?sentry_key=3c7b2ce17cea43b4bd430716e7a51757&sentry_version=7&sentry_client=sentry.javascript.react%2F7.7.0 → 200 (37ms, 2B)
[2026-04-13T11:05:49.321Z] POST https://o374023.ingest.sentry.io/api/5795514/envelope/?sentry_key=3c7b2ce17cea43b4bd430716e7a51757&sentry_version=7&sentry_client=sentry.javascript.react%2F7.7.0 → 200 (36ms, 41B)
[2026-04-13T11:05:49.321Z] GET https://readwise.io/reader/api/state/?schemaVersion=10&isChunkingSupported=true → 401 (62ms, ?B)
[2026-04-13T11:05:49.324Z] GET https://readwise.io/to_reader → 302 (70ms, ?B)
[2026-04-13T11:05:49.384Z] GET https://read.readwise.io/worker.sql-wasm.js → 200 (3ms, 54540B)
[2026-04-13T11:05:49.390Z] GET https://read.readwise.io/sql-wasm.wasm → 200 (1ms, 764847B)
[2026-04-13T11:05:49.394Z] GET https://readwise.io/accounts/login?next=/to_reader → pending (?ms, ?B)
[2026-04-13T11:05:49.398Z] GET https://read.readwise.io/worker.sql-wasm.js → 200 (2ms, 54540B)
[2026-04-13T11:05:49.403Z] GET https://read.readwise.io/sql-wasm.wasm → 200 (1ms, 764847B)
[2026-04-13T11:05:49.413Z] GET https://readwise.io/to_reader → 302 (63ms, ?B)
[2026-04-13T11:05:49.476Z] GET https://readwise.io/accounts/login?next=/to_reader → 301 (64ms, ?B)
[2026-04-13T11:05:49.540Z] GET https://readwise.io/accounts/login/?next=/to_reader → 200 (140ms, 74352B)
[2026-04-13T11:05:49.684Z] POST https://o374023.ingest.sentry.io/api/5795514/envelope/?sentry_key=3c7b2ce17cea43b4bd430716e7a51757&sentry_version=7&sentry_client=sentry.javascript.react%2F7.7.0 → pending (?ms, ?B)
[2026-04-13T11:05:49.708Z] GET https://ajax.googleapis.com/ajax/libs/jquery/2.1.1/jquery.min.js → 200 (154ms, 84245B)
[2026-04-13T11:05:49.710Z] GET https://fonts.googleapis.com/css?family=Raleway:300,400,600 → 200 (115ms, 5268B)
[2026-04-13T11:05:49.710Z] GET https://fonts.googleapis.com/css?family=Noto+Serif:300,400,700 → 200 (115ms, 11172B)
[2026-04-13T11:05:49.710Z] GET https://fonts.googleapis.com/css2?family=Mulish:wght@200;300;400;500;600;700;800&display=swap → 200 (115ms, 12929B)
[2026-04-13T11:05:49.710Z] GET https://cdnjs.cloudflare.com/ajax/libs/balloon-css/0.4.0/balloon.min.css → 200 (92ms, 5371B)
[2026-04-13T11:05:49.710Z] GET https://cdn.jsdelivr.net/npm/@creativebulma/bulma-tooltip@1.0.2/dist/bulma-tooltip.min.css → 200 (114ms, 35982B)
[2026-04-13T11:05:49.710Z] GET https://use.fontawesome.com/releases/v5.0.13/css/all.css → 200 (119ms, 41065B)
[2026-04-13T11:05:49.710Z] GET https://readwise-assets.s3.amazonaws.com/static/hijack/hijack-styles.a7cafac63295.css → 200 (230ms, 2991B)
[2026-04-13T11:05:49.710Z] GET https://readwise-assets.s3.amazonaws.com/static/css/toastr.min.f284028c6780.css → 200 (235ms, 6454B)
[2026-04-13T11:05:49.710Z] GET https://readwise-assets.s3.amazonaws.com/static/sass/main.1e479eab2293.css → 200 (237ms, 276276B)
[2026-04-13T11:05:49.710Z] GET https://readwise-assets.s3.amazonaws.com/static/js/js.cookie.1d40376a0bdc.js → 200 (250ms, 3871B)
[2026-04-13T11:05:49.710Z] GET https://readwise-assets.s3.amazonaws.com/static/js/toastr.min.288053556a8d.js → 200 (247ms, 5251B)
[2026-04-13T11:05:49.710Z] GET https://readwise-assets.s3.amazonaws.com/static/js/mousetrap.min.2d8a3d943586.js → 200 (247ms, 4862B)
[2026-04-13T11:05:49.710Z] GET https://appleid.cdn-apple.com/appleauth/static/jsapi/appleid/1/en_US/appleid.auth.js → 200 (207ms, 43178B)
[2026-04-13T11:05:49.711Z] GET https://readwise-assets.s3.amazonaws.com/static/images/new_icons/logotype_logo.318c99bebf81.svg → 200 (298ms, 6010B)
[2026-04-13T11:05:49.711Z] GET https://readwise-assets.s3.amazonaws.com/static/images/new_icons/amazon-icon.223c54d1782a.svg → 200 (299ms, 3054B)
[2026-04-13T11:05:49.875Z] GET https://www.googletagmanager.com/gtm.js?id=GTM-5XMQFPT → 200 (321ms, 351555B)
[2026-04-13T11:05:50.065Z] GET https://cdn.rollbar.com/rollbarjs/refs/tags/v2.19.4/rollbar.min.js → 200 (123ms, 75308B)
[2026-04-13T11:05:50.074Z] GET https://fonts.gstatic.com/s/mulish/v18/1Ptvg83HX_SGhgqk3wotYKNnBQ.woff2 → pending (?ms, ?B)
[2026-04-13T11:05:50.208Z] GET https://www.googletagmanager.com/gtag/js?id=G-RN8V1970JS&cx=c&gtm=4e6481 → 200 (70ms, 524465B)
[2026-04-13T11:05:50.303Z] POST https://www.google.com/measurement/conversion?random=1776078350288&cv=11&tid=G-RN8V1970JS&fst=1776078350288&fmt=8&en=session_start&gtm=45je6481v882595455z8810637573za20gzb810637573zd810637573xec&gcd=13l3l3l3l1l1&dma=0&tag_exp=0~115616985~115938466~115938469~117266402~117384406~118442251&u_w=1280&u_h=720&url=https%3A%2F%2Freadwise.io%2Faccounts%2Flogin%2F%3Fnext%3D%2Fto_reader&gacid=382502374.1776078350&frm=0&tiba=Readwise&npa=0&pscdl=noapi&auid=430129809.1776078350&uaa=arm&uab=64&uafvl=Not%253AA-Brand%3B99.0.0.0%7CHeadlessChrome%3B145.0.7632.6%7CChromium%3B145.0.7632.6&uamb=0&uam=&uap=macOS&uapv=26.4.1&uaw=0&rcb=12 → 200 (110ms, ?B)
[2026-04-13T11:05:50.303Z] POST https://analytics.google.com/g/collect?v=2&tid=G-RN8V1970JS&gtm=45je6481v882595455z8810637573za20gzb810637573zd810637573&_p=1776078349870&_gaz=1&gcd=13l3l3l3l1l1&npa=0&dma=0&ecid=1762026129&_eu=AAAAAGA&_prs=ok&are=1&cid=382502374.1776078350&frm=0&pscdl=noapi&rcb=12&sr=1280x720&uaa=arm&uab=64&uafvl=Not%253AA-Brand%3B99.0.0.0%7CHeadlessChrome%3B145.0.7632.6%7CChromium%3B145.0.7632.6&uam=&uamb=0&uap=macOS&uapv=26.4.1&uaw=0&ul=en-us&_s=1&tag_exp=0~115616985~115938466~115938469~117266402~117384406~118442251&sid=1776078350&sct=1&seg=0&dl=https%3A%2F%2Freadwise.io%2Faccounts%2Flogin%2F%3Fnext%3D%2Fto_reader&dt=Readwise&en=page_view&_fv=1&_nsi=1&_ss=2&tfd=890 → 204 (124ms, ?B)
[2026-04-13T11:05:50.303Z] POST https://stats.g.doubleclick.net/g/collect?v=2&tid=G-RN8V1970JS&cid=382502374.1776078350&gtm=45je6481v882595455z8810637573za20gzb810637573zd810637573&rcb=12&aip=1&dma=0&gcd=13l3l3l3l1l1&npa=0&frm=0&tag_exp=0~115616985~115938466~115938469~117266402~117384406~118442251 → 204 (119ms, ?B)
[2026-04-13T11:05:50.306Z] GET https://js-agent.newrelic.com/nr-rum-1.312.1.min.js → 200 (89ms, 56733B)
[2026-04-13T11:05:50.403Z] POST https://bam.nr-data.net/1/8a04f73a09?a=34858702&v=1.312.1&to=NlQBZxQDXxFWBUZZWg8eJUYIAUULWAgdUVkNUBZHDkxQAVQJR15BT0cKVhERCy5YAVteYwhUFB0BB0U%3D&rst=990&ck=0&s=7324b25260db036d&ref=https://readwise.io/accounts/login/&ptid=45432db3baa62562&ap=83&be=266&fe=628&dc=395&fsh=1&perf=%7B%22timing%22:%7B%22of%22:1776078349413,%22n%22:0,%22r%22:1,%22re%22:127,%22f%22:127,%22dn%22:127,%22dne%22:127,%22c%22:127,%22s%22:127,%22ce%22:127,%22rq%22:127,%22rp%22:266,%22rpe%22:296,%22di%22:657,%22ds%22:657,%22de%22:661,%22dc%22:893,%22l%22:893,%22le%22:894%7D,%22navigation%22:%7B%22rc%22:2%7D%7D&fp=672&fcp=672 → 200 (311ms, 196B)
[2026-04-13T11:05:50.715Z] POST https://bam.nr-data.net/events/1/8a04f73a09?a=34858702&v=1.312.1&to=NlQBZxQDXxFWBUZZWg8eJUYIAUULWAgdUVkNUBZHDkxQAVQJR15BT0cKVhERCy5YAVteYwhUFB0BB0U%3D&rst=1302&ck=0&s=7324b25260db036d&ref=https://readwise.io/accounts/login/&ptid=45432db3baa62562 → 202 (219ms, 24B)
[2026-04-13T11:05:53.931Z] GET https://readwise.io/ → 200 (203ms, 104402B)
[2026-04-13T11:05:54.140Z] POST https://analytics.google.com/g/collect?v=2&tid=G-RN8V1970JS&gtm=45je6481v882595455za20gzb810637573zd810637573&_p=1776078349870&gcd=13l3l3l3l1l1&npa=0&dma=0&ecid=1762026129&_eu=AEAAAGQ&ae=a&are=1&cid=382502374.1776078350&frm=0&pscdl=noapi&rcb=12&sr=1280x720&uaa=arm&uab=64&uafvl=Not%253AA-Brand%3B99.0.0.0%7CHeadlessChrome%3B145.0.7632.6%7CChromium%3B145.0.7632.6&uam=&uamb=0&uap=macOS&uapv=26.4.1&uaw=0&ul=en-us&_s=2&tag_exp=0~115616985~115938466~115938469~117266402~117384406~118442251&sid=1776078350&sct=1&seg=0&dl=https%3A%2F%2Freadwise.io%2Faccounts%2Flogin%2F%3Fnext%3D%2Fto_reader&dt=Readwise&en=scroll&epn.percent_scrolled=90&_et=2&tfd=4725 → pending (?ms, ?B)
[2026-04-13T11:05:54.141Z] POST https://analytics.google.com/g/collect?v=2&tid=G-RN8V1970JS&gtm=45je6481v882595455za20gzb810637573zd810637573&_p=1776078349870&gcd=13l3l3l3l1l1&npa=0&dma=0&ecid=1762026129&_eu=AAAAAGQ&are=1&cid=382502374.1776078350&frm=0&pscdl=noapi&rcb=12&sr=1280x720&uaa=arm&uab=64&uafvl=Not%253AA-Brand%3B99.0.0.0%7CHeadlessChrome%3B145.0.7632.6%7CChromium%3B145.0.7632.6&uam=&uamb=0&uap=macOS&uapv=26.4.1&uaw=0&ul=en-us&_s=3&tag_exp=0~115616985~115938466~115938469~117266402~117384406~118442251&sid=1776078350&sct=1&seg=0&dl=https%3A%2F%2Freadwise.io%2Faccounts%2Flogin%2F%3Fnext%3D%2Fto_reader&dt=Readwise&en=user_engagement&_et=3829&tfd=4725 → pending (?ms, ?B)
[2026-04-13T11:05:54.141Z] POST https://bam.nr-data.net/events/1/8a04f73a09?a=34858702&v=1.312.1&to=NlQBZxQDXxFWBUZZWg8eJUYIAUULWAgdUVkNUBZHDkxQAVQJR15BT0cKVhERCy5YAVteYwhUFB0BB0U%3D&rst=4726&ck=0&s=7324b25260db036d&ref=https://readwise.io/accounts/login/&ptid=45432db3baa62562 → pending (?ms, ?B)
[2026-04-13T11:05:54.166Z] GET https://ajax.googleapis.com/ajax/libs/jquery/2.1.1/jquery.min.js → 200 (?ms, 84245B)
[2026-04-13T11:05:54.166Z] GET https://fonts.googleapis.com/css?family=Raleway:300,400,600 → 200 (?ms, 5268B)
[2026-04-13T11:05:54.167Z] GET https://fonts.googleapis.com/css?family=Noto+Serif:300,400,700 → 200 (?ms, 11172B)
[2026-04-13T11:05:54.167Z] GET https://fonts.googleapis.com/css2?family=Mulish:wght@200;300;400;500;600;700;800&display=swap → 200 (?ms, 12929B)
[2026-04-13T11:05:54.167Z] GET https://cdnjs.cloudflare.com/ajax/libs/balloon-css/0.4.0/balloon.min.css → 200 (?ms, 5371B)
[2026-04-13T11:05:54.167Z] GET https://cdn.jsdelivr.net/npm/@creativebulma/bulma-tooltip@1.0.2/dist/bulma-tooltip.min.css → 200 (2ms, 35982B)
[2026-04-13T11:05:54.169Z] GET https://use.fontawesome.com/releases/v5.0.13/css/all.css → 200 (?ms, 41065B)
[2026-04-13T11:05:54.169Z] GET https://readwise-assets.s3.amazonaws.com/static/hijack/hijack-styles.a7cafac63295.css → 200 (?ms, 2991B)
[2026-04-13T11:05:54.170Z] GET https://readwise-assets.s3.amazonaws.com/static/css/toastr.min.f284028c6780.css → 200 (?ms, 6454B)
[2026-04-13T11:05:54.170Z] GET https://readwise-assets.s3.amazonaws.com/static/sass/main.1e479eab2293.css → 200 (?ms, 276276B)
[2026-04-13T11:05:54.170Z] GET https://readwise-assets.s3.amazonaws.com/static/sass/pages/landing_page.3ae68c439b1f.css → pending (?ms, ?B)
[2026-04-13T11:05:54.170Z] GET https://readwise-assets.s3.amazonaws.com/static/js/js.cookie.1d40376a0bdc.js → 200 (?ms, 3871B)
[2026-04-13T11:05:54.170Z] GET https://readwise-assets.s3.amazonaws.com/static/js/toastr.min.288053556a8d.js → 200 (?ms, 5251B)
[2026-04-13T11:05:54.171Z] GET https://readwise-assets.s3.amazonaws.com/static/js/mousetrap.min.2d8a3d943586.js → 200 (?ms, 4862B)
[2026-04-13T11:05:54.171Z] GET https://readwise-assets.s3.amazonaws.com/static/sass/pages/public_header.7fc609488da3.css → pending (?ms, ?B)
[2026-04-13T11:05:54.171Z] GET https://readwise-assets.s3.amazonaws.com/static/images/new_icons/logo-standalone-dark.3c96569ac523.svg → pending (?ms, ?B)
[2026-04-13T11:05:54.171Z] GET https://readwise-assets.s3.amazonaws.com/static/images/new_icons/amazon-icon.223c54d1782a.svg → 200 (?ms, 3054B)
[2026-04-13T11:05:54.171Z] GET https://appleid.cdn-apple.com/appleauth/static/jsapi/appleid/1/en_US/appleid.auth.js → 200 (?ms, 43178B)
[2026-04-13T11:05:54.172Z] GET https://readwise-assets.s3.amazonaws.com/static/images/landing/landing_hero.12a1e031294d.png → pending (?ms, ?B)
[2026-04-13T11:05:54.172Z] GET https://readwise-assets.s3.amazonaws.com/static/images/landing/down.2078cd29b190.png → pending (?ms, ?B)
[2026-04-13T11:05:54.172Z] GET https://readwise-assets.s3.amazonaws.com/static/images/landing/sync.e7ae6dccc8f2.png → pending (?ms, ?B)
[2026-04-13T11:05:54.173Z] GET https://readwise-assets.s3.amazonaws.com/static/images/landing/review.7c340b786c55.png → pending (?ms, ?B)
[2026-04-13T11:05:54.173Z] GET https://readwise-assets.s3.amazonaws.com/static/images/landing/remember.5ede96d32374.png → pending (?ms, ?B)
[2026-04-13T11:05:54.173Z] GET https://readwise-assets.s3.amazonaws.com/static/sass/pages/tweets_include.3c0266755994.css → pending (?ms, ?B)
[2026-04-13T11:05:54.173Z] GET https://readwise-assets.s3.amazonaws.com/static/images/landing/revisit-highlights.a56141cb1af7.png → pending (?ms, ?B)
[2026-04-13T11:05:54.173Z] GET https://readwise-assets.s3.amazonaws.com/static/images/landing/remember-what.8f22dbd70c26.png → pending (?ms, ?B)
[2026-04-13T11:05:54.173Z] GET https://readwise-assets.s3.amazonaws.com/static/images/landing/tag-note-organize.ed0690506c64.png → pending (?ms, ?B)
[2026-04-13T11:05:54.174Z] GET https://readwise-assets.s3.amazonaws.com/static/images/landing/sync-apps.c9147f526643.png → pending (?ms, ?B)
[2026-04-13T11:05:54.174Z] GET https://readwise-assets.s3.amazonaws.com/static/images/new_icons/logotype_logo.318c99bebf81.svg → 200 (?ms, 6010B)
[2026-04-13T11:05:54.174Z] GET https://readwise-assets.s3.amazonaws.com/static/images/new_icons/facebook.fe75e8359b93.svg → pending (?ms, ?B)
[2026-04-13T11:05:54.174Z] GET https://readwise-assets.s3.amazonaws.com/static/images/new_icons/tweets.2f22f1286f2f.svg → pending (?ms, ?B)
[2026-04-13T11:05:54.174Z] GET https://readwise-assets.s3.amazonaws.com/static/images/new_icons/apple-app-store.686600a44849.png → pending (?ms, ?B)
[2026-04-13T11:05:54.176Z] GET https://readwise-assets.s3.amazonaws.com/static/images/new_icons/google-play.85c70e7a287c.png → pending (?ms, ?B)
[2026-04-13T11:05:54.177Z] GET https://www.googletagmanager.com/gtm.js?id=GTM-5XMQFPT → 200 (?ms, 351555B)
[2026-04-13T11:05:54.188Z] GET https://www.googletagmanager.com/gtag/js?id=G-RN8V1970JS&cx=c&gtm=4e6481 → 200 (1ms, 524465B)
[2026-04-13T11:05:54.206Z] GET https://fonts.gstatic.com/s/mulish/v18/1Ptvg83HX_SGhgqk3wotYKNnBQ.woff2 → 200 (?ms, ?B)
[2026-04-13T11:05:54.206Z] POST https://analytics.google.com/g/collect?v=2&tid=G-RN8V1970JS&gtm=45je6481v882595455z8810637573za20gzb810637573zd810637573&_p=1776078354168&gcd=13l3l3l3l1l1&npa=0&dma=0&ecid=1762026129&_eu=AAAAAGQ&are=1&cid=382502374.1776078350&frm=0&pscdl=noapi&rcb=13&sr=1280x720&uaa=arm&uab=64&uafvl=Not%253AA-Brand%3B99.0.0.0%7CHeadlessChrome%3B145.0.7632.6%7CChromium%3B145.0.7632.6&uam=&uamb=0&uap=macOS&uapv=26.4.1&uaw=0&ul=en-us&_s=1&tag_exp=0~115938465~115938468~118131808~118442251&sid=1776078350&sct=1&seg=1&dl=https%3A%2F%2Freadwise.io%2F&dt=Readwise&en=page_view&tfd=273 → pending (?ms, ?B)
[2026-04-13T11:05:54.227Z] GET https://cdn.rollbar.com/rollbarjs/refs/tags/v2.19.4/rollbar.min.js → 200 (?ms, 75308B)
[2026-04-13T11:05:54.245Z] GET https://readwise-assets.s3.amazonaws.com/static/images/landing/landing_hero_small.f16571a273ef.png → 200 (90ms, 50306B)
[2026-04-13T11:05:54.245Z] GET https://readwise-assets.s3.amazonaws.com/static/fonts/charter_bold.1c48b725bb14.woff → 200 (160ms, 22879B)
[2026-04-13T11:05:54.245Z] GET https://readwise-assets.s3.amazonaws.com/static/fonts/charter_regular.c282c99cc027.woff → 200 (173ms, 22683B)
[2026-04-13T11:05:54.310Z] GET https://readwise-assets.s3.amazonaws.com/static/images/tweets/tweet_nick.c4782658fa7c.png → 200 (255ms, 168829B)
[2026-04-13T11:05:54.310Z] GET https://readwise-assets.s3.amazonaws.com/static/images/tweets/tweet_diana.09a7198033c1.png → 200 (268ms, 82992B)
[2026-04-13T11:05:54.310Z] GET https://readwise-assets.s3.amazonaws.com/static/images/tweets/tweet_rob.76fb55162978.png → 200 (309ms, 85221B)
[2026-04-13T11:05:54.310Z] GET https://readwise-assets.s3.amazonaws.com/static/images/tweets/tweet_caleb.72f54027c7ce.png → 200 (300ms, 110187B)
[2026-04-13T11:05:54.310Z] GET https://readwise-assets.s3.amazonaws.com/static/images/tweets/tweet_steve.107fae74e25c.png → 200 (300ms, 33609B)
[2026-04-13T11:05:54.310Z] GET https://readwise-assets.s3.amazonaws.com/static/images/tweets/tweet_florian.713d1a827684.png → 200 (303ms, 178688B)
[2026-04-13T11:05:54.310Z] GET https://readwise-assets.s3.amazonaws.com/static/images/tweets/tweet_mckay.94e4b505387e.png → 200 (323ms, 116506B)
[2026-04-13T11:05:54.310Z] GET https://readwise-assets.s3.amazonaws.com/static/images/tweets/tweet_gaurav.53e7caf2c938.png → 200 (370ms, 75428B)
[2026-04-13T11:05:54.310Z] GET https://readwise-assets.s3.amazonaws.com/static/images/tweets/tweet_merrick.edcefb8a58fa.png → 200 (374ms, 115327B)
[2026-04-13T11:05:54.310Z] GET https://readwise-assets.s3.amazonaws.com/static/images/tweets/tweet_sid.53a6f21dffbc.png → 200 (377ms, 114067B)
[2026-04-13T11:05:54.310Z] GET https://readwise-assets.s3.amazonaws.com/static/images/tweets/tweet_achim.d57bd66dc879.png → 200 (372ms, 95887B)
[2026-04-13T11:05:54.310Z] GET https://readwise-assets.s3.amazonaws.com/static/images/tweets/tweet_josh.591695e9e0f7.png → 200 (391ms, 120342B)
[2026-04-13T11:05:54.310Z] GET https://readwise-assets.s3.amazonaws.com/static/images/tweets/tweet_matt.c6ee5dcca7b0.png → 200 (408ms, 94083B)
[2026-04-13T11:05:54.310Z] GET https://readwise-assets.s3.amazonaws.com/static/images/tweets/tweet_mark.870b269ff229.png → 200 (441ms, 85353B)
[2026-04-13T11:05:54.310Z] GET https://readwise-assets.s3.amazonaws.com/static/images/tweets/tweet_david.0192ea779ba2.png → 200 (442ms, 163052B)
[2026-04-13T11:05:54.310Z] GET https://readwise-assets.s3.amazonaws.com/static/images/tweets/tweet_jonny.66afe005119d.png → 200 (451ms, 86952B)
[2026-04-13T11:05:54.310Z] GET https://readwise-assets.s3.amazonaws.com/static/images/tweets/tweet_juvoni.b93d5b956540.png → 200 (465ms, 122319B)
[2026-04-13T11:05:54.310Z] GET https://readwise-assets.s3.amazonaws.com/static/images/tweets/tweet_roxine.63bee0c91ebc.png → 200 (472ms, 175484B)
[2026-04-13T11:05:54.310Z] GET https://readwise-assets.s3.amazonaws.com/static/images/tweets/tweet_zack.d752e3722427.png → 200 (504ms, 65594B)
[2026-04-13T11:05:54.310Z] GET https://readwise-assets.s3.amazonaws.com/static/images/tweets/tweet_rahimus.3876754d5d97.png → 200 (501ms, 187958B)
[2026-04-13T11:05:54.310Z] GET https://readwise-assets.s3.amazonaws.com/static/images/tweets/tweet_dave.1ef224994c56.png → 200 (514ms, 111085B)
[2026-04-13T11:05:54.310Z] GET https://readwise-assets.s3.amazonaws.com/static/images/tweets/tweet_jeremy.5419a16249bf.png → 200 (523ms, 80534B)
[2026-04-13T11:05:54.310Z] GET https://readwise-assets.s3.amazonaws.com/static/images/tweets/tweet_will.4ed2f2837271.png → 200 (537ms, 80729B)
[2026-04-13T11:05:54.310Z] GET https://readwise-assets.s3.amazonaws.com/static/images/tweets/tweet_peter.ac3e6ecc6801.png → 200 (566ms, 169409B)
[2026-04-13T11:05:54.661Z] GET https://js-agent.newrelic.com/nr-rum-1.312.1.min.js → 200 (?ms, 56733B)
[2026-04-13T11:05:54.671Z] POST https://bam.nr-data.net/1/8a04f73a09?a=34858702&v=1.312.1&to=NlQBZxQDXxFWBUZZWg8eJUYIAUULWAgdXVQIX01FDwdGEQ0VW1dbFEE%3D&rst=738&ck=0&s=7324b25260db036d&ref=https://readwise.io/&ptid=d10d458740eae579&qt=1&ap=142&be=201&fe=529&dc=162&fsh=0&perf=%7B%22timing%22:%7B%22of%22:1776078353932,%22n%22:0,%22u%22:207,%22ue%22:207,%22f%22:0,%22dn%22:0,%22dne%22:0,%22c%22:0,%22s%22:0,%22ce%22:0,%22rq%22:0,%22rp%22:202,%22rpe%22:232,%22di%22:360,%22ds%22:360,%22de%22:363,%22dc%22:730,%22l%22:730,%22le%22:730%7D,%22navigation%22:%7B%7D%7D&fp=300&fcp=344&timestamp=1776078354804 → 200 (76ms, 196B)
[2026-04-13T11:05:54.749Z] POST https://bam.nr-data.net/events/1/8a04f73a09?a=34858702&v=1.312.1&to=NlQBZxQDXxFWBUZZWg8eJUYIAUULWAgdXVQIX01FDwdGEQ0VW1dbFEE%3D&rst=817&ck=0&s=7324b25260db036d&ref=https://readwise.io/&ptid=d10d458740eae579 → 202 (70ms, 24B)
[2026-04-13T11:05:59.206Z] POST https://analytics.google.com/g/collect?v=2&tid=G-RN8V1970JS&gtm=45je6481v882595455za20gzb810637573zd810637573&_p=1776078354168&gcd=13l3l3l3l1l1&npa=0&dma=0&ecid=1762026129&_eu=AEAAAGQ&ae=a&are=1&cid=382502374.1776078350&frm=0&pscdl=noapi&rcb=13&sr=1280x720&uaa=arm&uab=64&uafvl=Not%253AA-Brand%3B99.0.0.0%7CHeadlessChrome%3B145.0.7632.6%7CChromium%3B145.0.7632.6&uam=&uamb=0&uap=macOS&uapv=26.4.1&uaw=0&ul=en-us&_s=2&tag_exp=0~115938465~115938468~118131808~118442251&sid=1776078350&sct=1&seg=1&dl=https%3A%2F%2Freadwise.io%2F&dt=Readwise&en=scroll&epn.percent_scrolled=90&_et=1&tfd=5275 → pending (?ms, ?B)
[2026-04-13T11:06:01.125Z] GET https://readwise.io/reader → 302 (57ms, ?B)
[2026-04-13T11:06:01.183Z] GET https://readwise.io/read → pending (?ms, ?B)
[2026-04-13T11:06:01.305Z] POST https://analytics.google.com/g/collect?v=2&tid=G-RN8V1970JS&gtm=45je6481v882595455za20gzb810637573zd810637573&_p=1776078354168&gcd=13l3l3l3l1l1&npa=0&dma=0&ecid=1762026129&_eu=AAAAAGQ&are=1&cid=382502374.1776078350&frm=0&pscdl=noapi&rcb=13&sr=1280x720&uaa=arm&uab=64&uafvl=Not%253AA-Brand%3B99.0.0.0%7CHeadlessChrome%3B145.0.7632.6%7CChromium%3B145.0.7632.6&uam=&uamb=0&uap=macOS&uapv=26.4.1&uaw=0&ul=en-us&_s=3&tag_exp=0~115938465~115938468~118131808~118442251&sid=1776078350&sct=1&seg=1&dl=https%3A%2F%2Freadwise.io%2F&dt=Readwise&en=user_engagement&_et=7098&tfd=7372 → pending (?ms, ?B)
[2026-04-13T11:06:01.305Z] POST https://bam.nr-data.net/events/1/8a04f73a09?a=34858702&v=1.312.1&to=NlQBZxQDXxFWBUZZWg8eJUYIAUULWAgdXVQIX01FDwdGEQ0VW1dbFEE%3D&rst=7372&ck=0&s=7324b25260db036d&ref=https://readwise.io/&ptid=d10d458740eae579 → pending (?ms, ?B)
[2026-04-13T11:06:01.307Z] GET https://readwise-assets.s3.amazonaws.com/static/sass/pages/reader/reader_landing.7c38dfef25ab.css → 200 (154ms, 80500B)
[2026-04-13T11:06:01.307Z] GET https://readwise-assets.s3.amazonaws.com/static/images/new_icons/logo-standalone-white.c8a74d936590.svg → 200 (152ms, 1026B)
[2026-04-13T11:06:01.307Z] GET https://readwise-assets.s3.amazonaws.com/static/images/reader/Hero-Screen@1x.72ad6bf1deaa.webp → 200 (137ms, 79882B)
[2026-04-13T11:06:01.307Z] GET https://readwise-assets.s3.amazonaws.com/static/images/reader/Hero-Phone@1x.f61ef28b293d.webp → 200 (169ms, 21840B)
[2026-04-13T11:06:01.308Z] GET https://readwise-assets.s3.amazonaws.com/static/images/reader/Highlight-Alpha-No-Note@1x.28c2c4cc2706.webp → 200 (152ms, 129684B)
[2026-04-13T11:06:01.308Z] GET https://readwise-assets.s3.amazonaws.com/static/images/reader/Note@1x.5a367d96fcba.webp → 200 (168ms, 74418B)
[2026-04-13T11:06:01.308Z] GET https://readwise-assets.s3.amazonaws.com/static/images/reader/highlight.1fa46e3ecc35.webp → 200 (221ms, 4686B)
[2026-04-13T11:06:01.308Z] GET https://readwise-assets.s3.amazonaws.com/static/images/reader/remember.10b3b83cc5b4.webp → 200 (242ms, 119296B)
[2026-04-13T11:06:01.308Z] GET https://readwise-assets.s3.amazonaws.com/static/images/reader/sync.7512a0fc2a71.webp → 200 (242ms, 215470B)
[2026-04-13T11:06:01.308Z] GET https://readwise-assets.s3.amazonaws.com/static/images/reader/Hero-Phone.cbccd037b344.webp → 200 (278ms, 318248B)
[2026-04-13T11:06:01.308Z] GET https://readwise-assets.s3.amazonaws.com/static/images/reader/Hero-Screen.a4e3e4c5e4d6.webp → 200 (285ms, 404250B)
[2026-04-13T11:06:01.308Z] GET https://readwise-assets.s3.amazonaws.com/static/images/reader/Ghost.67ff0a62aec1.svg → 200 (289ms, 3643B)
[2026-04-13T11:06:01.308Z] GET https://readwise-assets.s3.amazonaws.com/static/images/reader/Glasses.6a5729fb0c56.svg → 200 (349ms, 3668B)
[2026-04-13T11:06:01.308Z] GET https://readwise-assets.s3.amazonaws.com/static/images/reader/Search@1x.247e69d4e357.webp → 200 (352ms, 12030B)
[2026-04-13T11:06:01.308Z] GET https://readwise-assets.s3.amazonaws.com/static/images/reader/Text-to-Speech@1x.e922eece4e1a.webp → 200 (367ms, 28246B)
[2026-04-13T11:06:01.308Z] GET https://readwise-assets.s3.amazonaws.com/static/images/reader/Flexible-phone@1x.e1421f629c35.webp → 200 (417ms, 16140B)
[2026-04-13T11:06:01.308Z] GET https://readwise-assets.s3.amazonaws.com/static/images/reader/Anywhere-Screen@1x.b29949e88a81.webp → 200 (409ms, 64134B)
[2026-04-13T11:06:01.308Z] GET https://readwise-assets.s3.amazonaws.com/static/images/reader/Anywhere-phone@1x.0f2863c7dee5.webp → 200 (426ms, 25490B)
[2026-04-13T11:06:01.308Z] GET https://readwise-assets.s3.amazonaws.com/static/images/reader/Anywhere-iPad@1x.58f67690fbbb.webp → 200 (430ms, 46082B)
[2026-04-13T11:06:01.308Z] GET https://readwise-assets.s3.amazonaws.com/static/images/reader/icons/logo-white-with-border.b61f331edbe6.svg → 200 (483ms, 1084B)
[2026-04-13T11:06:01.308Z] GET https://readwise-assets.s3.amazonaws.com/static/images/new_icons/amazon-icon.223c54d1782a.svg → 200 (?ms, 3054B)
[2026-04-13T11:06:01.309Z] GET https://readwise-assets.s3.amazonaws.com/static/images/reader/icons/amazon.223c54d1782a.svg → 200 (477ms, 3054B)
[2026-04-13T11:06:01.309Z] GET https://ajax.googleapis.com/ajax/libs/jquery/2.1.1/jquery.min.js → 200 (?ms, 84245B)
[2026-04-13T11:06:01.309Z] GET https://readwise-assets.s3.amazonaws.com/static/js/js.cookie.1d40376a0bdc.js → 200 (?ms, 3871B)
[2026-04-13T11:06:01.309Z] GET https://appleid.cdn-apple.com/appleauth/static/jsapi/appleid/1/en_US/appleid.auth.js → 200 (?ms, 43178B)
[2026-04-13T11:06:01.533Z] GET https://www.googletagmanager.com/gtm.js?id=GTM-5XMQFPT → 200 (1ms, 351555B)
[2026-04-13T11:06:01.549Z] GET https://readwise-assets.s3.amazonaws.com/static/fonts/charter_regular.c282c99cc027.woff → 200 (?ms, ?B)
[2026-04-13T11:06:01.550Z] GET https://readwise-assets.s3.amazonaws.com/static/fonts/charter_bold.1c48b725bb14.woff → 200 (?ms, ?B)
[2026-04-13T11:06:01.550Z] GET https://readwise-assets.s3.amazonaws.com/static/fonts/InterV.var.aa53ac259c40.woff2 → 200 (178ms, 65356B)
[2026-04-13T11:06:01.556Z] GET https://readwise-assets.s3.amazonaws.com/static/images/reader/icons/icon-highlighting.6e605ef33fb6.svg → 200 (430ms, 1676B)
[2026-04-13T11:06:01.556Z] GET https://readwise-assets.s3.amazonaws.com/static/images/reader/icons/icon-rss.19c46950dc2a.svg → 200 (431ms, 845B)
[2026-04-13T11:06:01.557Z] GET https://readwise-assets.s3.amazonaws.com/static/images/reader/icons/icon-pdf.0b1ecc4360be.svg → 200 (430ms, 494B)
[2026-04-13T11:06:01.557Z] GET https://readwise-assets.s3.amazonaws.com/static/images/reader/icons/icon-youtube.644a3ef088cf.svg → 200 (430ms, 999B)
[2026-04-13T11:06:01.557Z] GET https://readwise-assets.s3.amazonaws.com/static/images/reader/icons/icon-twitter.56797acd8a88.svg → 200 (430ms, 1008B)
[2026-04-13T11:06:01.557Z] GET https://readwise-assets.s3.amazonaws.com/static/images/reader/icons/icon-later.7b556daa2e12.svg → 200 (508ms, 954B)
[2026-04-13T11:06:01.557Z] GET https://readwise-assets.s3.amazonaws.com/static/images/reader/icons/icon-epub.05de62915e28.svg → 200 (431ms, 771B)
[2026-04-13T11:06:01.557Z] GET https://readwise-assets.s3.amazonaws.com/static/images/reader/icons/icon-newsletter.7604e3d46d89.svg → 200 (431ms, 874B)
[2026-04-13T11:06:01.557Z] GET https://readwise-assets.s3.amazonaws.com/static/images/reader/icons/readwise-logo.2f170ec69bdf.svg → 200 (431ms, 807B)
[2026-04-13T11:06:01.570Z] GET https://www.googletagmanager.com/gtag/js?id=G-RN8V1970JS&cx=c&gtm=4e6481 → 200 (?ms, 524465B)
[2026-04-13T11:06:02.208Z] GET https://js-agent.newrelic.com/nr-rum-1.312.1.min.js → 200 (?ms, 56733B)
[2026-04-13T11:06:02.211Z] POST https://bam.nr-data.net/1/8a04f73a09?a=34858702&v=1.312.1&to=NlQBZxQDXxFWBUZZWg8eJUYIAUULWAgdXVQIX01FDwdGEQ0UV1FRBEM8XwcMVQtZAQ%3D%3D&rst=1085&ck=0&s=7324b25260db036d&ref=https://readwise.io/read&ptid=ff510da0da48448a&qt=1&ap=63&be=175&fe=908&dc=259&fsh=0&perf=%7B%22timing%22:%7B%22of%22:1776078361125,%22n%22:0,%22u%22:179,%22r%22:0,%22ue%22:179,%22re%22:57,%22f%22:57,%22dn%22:57,%22dne%22:57,%22c%22:57,%22s%22:57,%22ce%22:57,%22rq%22:58,%22rp%22:176,%22rpe%22:177,%22di%22:432,%22ds%22:432,%22de%22:434,%22dc%22:1082,%22l%22:1082,%22le%22:1083%7D,%22navigation%22:%7B%22rc%22:1%7D%7D&fp=460&fcp=460&timestamp=1776078362344 → pending (?ms, ?B)
[2026-04-13T11:06:02.845Z] POST https://bam.nr-data.net/events/1/8a04f73a09?a=34858702&v=1.312.1&to=NlQBZxQDXxFWBUZZWg8eJUYIAUULWAgdXVQIX01FDwdGEQ0UV1FRBEM8XwcMVQtZAQ%3D%3D&rst=1200&ck=0&s=7324b25260db036d&ref=https://readwise.io/read&ptid=ff510da0da48448a → 202 (1ms, 24B)
